<?xml version="1.0" encoding="UTF-8"?>
<!-- Generated by org.testng.reporters.JUnitXMLReporter -->
<testsuite hostname="Panthak-PC" ignored="0" name="Test" tests="8" failures="0" timestamp="20 Aug 2023 01:34:20 GMT" time="32.493" errors="0">
  <testcase name="loginFormVisibility" time="0.216" classname="TestCases.Test1"/>
  <testcase name="loginValidations" time="1.451" classname="TestCases.Test1"/>
  <testcase name="listGroupValidations" time="0.19" classname="TestCases.Test2"/>
  <testcase name="selectLOVvalue" time="0.217" classname="TestCases.Test3"/>
  <testcase name="verifyDefaultLovValue" time="1.168" classname="TestCases.Test3"/>
  <testcase name="verifyButtons" time="1.211" classname="TestCases.Test4"/>
  <testcase name="delayedButtonValidation" time="6.475" classname="TestCases.Test5"/>
  <testcase name="findAndVerifyTableCellValue" time="1.224" classname="TestCases.Test6"/>
</testsuite> <!-- Test -->
