<?xml version="1.0" encoding="UTF-8"?>
<!-- Generated by org.testng.reporters.JUnitXMLReporter -->
<testsuite hostname="Panthak-PC" ignored="0" name="Test" tests="8" failures="0" timestamp="21 Aug 2023 15:14:38 GMT" time="34.492" errors="0">
  <testcase name="loginFormVisibility" time="0.208" classname="TestCases.Test1"/>
  <testcase name="loginValidations" time="1.335" classname="TestCases.Test1"/>
  <testcase name="listGroupValidations" time="0.191" classname="TestCases.Test2"/>
  <testcase name="selectLOVvalue" time="0.204" classname="TestCases.Test3"/>
  <testcase name="verifyDefaultLovValue" time="1.138" classname="TestCases.Test3"/>
  <testcase name="verifyButtons" time="1.211" classname="TestCases.Test4"/>
  <testcase name="delayedButtonValidation" time="10.072" classname="TestCases.Test5"/>
  <testcase name="findAndVerifyTableCellValue" time="1.207" classname="TestCases.Test6"/>
</testsuite> <!-- Test -->
